0 info it worked if it ends with ok
1 verbose cli [ '/usr/local/bin/node',
1 verbose cli   '/usr/local/bin/npm',
1 verbose cli   'install',
1 verbose cli   'darwin' ]
2 info using npm@1.4.3
3 info using node@v0.10.26
4 warn package.json users@0.0.1 No repository field.
5 verbose readDependencies using package.json deps
6 verbose cache add [ 'darwin', null ]
7 verbose cache add name=undefined spec="darwin" args=["darwin",null]
8 verbose parsed url { protocol: null,
8 verbose parsed url   slashes: null,
8 verbose parsed url   auth: null,
8 verbose parsed url   host: null,
8 verbose parsed url   port: null,
8 verbose parsed url   hostname: null,
8 verbose parsed url   hash: null,
8 verbose parsed url   search: null,
8 verbose parsed url   query: null,
8 verbose parsed url   pathname: 'darwin',
8 verbose parsed url   path: 'darwin',
8 verbose parsed url   href: 'darwin' }
9 silly lockFile 34dc8e18-darwin darwin
10 verbose lock darwin /Users/Rice/.npm/34dc8e18-darwin.lock
11 silly lockFile 34dc8e18-darwin darwin
12 silly lockFile 34dc8e18-darwin darwin
13 verbose addNamed [ 'darwin', '' ]
14 verbose addNamed [ null, '*' ]
15 silly lockFile ded4e466-darwin darwin@
16 verbose lock darwin@ /Users/Rice/.npm/ded4e466-darwin.lock
17 silly addNameRange { name: 'darwin', range: '*', hasData: false }
18 verbose url raw darwin
19 verbose url resolving [ 'https://registry.npmjs.org/', './darwin' ]
20 verbose url resolved https://registry.npmjs.org/darwin
21 info trying registry request attempt 1 at 01:05:23
22 http GET https://registry.npmjs.org/darwin
23 http 404 https://registry.npmjs.org/darwin
24 silly registry.get cb [ 404,
24 silly registry.get   { date: 'Mon, 28 Jul 2014 06:05:23 GMT',
24 silly registry.get     server: 'CouchDB/1.5.0 (Erlang OTP/R14B04)',
24 silly registry.get     'content-type': 'application/json',
24 silly registry.get     'cache-control': 'max-age=0',
24 silly registry.get     'content-length': '52',
24 silly registry.get     'accept-ranges': 'bytes',
24 silly registry.get     via: '1.1 varnish',
24 silly registry.get     age: '0',
24 silly registry.get     'x-served-by': 'cache-sjc3127-SJC',
24 silly registry.get     'x-cache': 'MISS',
24 silly registry.get     'x-cache-hits': '0',
24 silly registry.get     'x-timer': 'S1406527523.830692,VS0,VE82',
24 silly registry.get     'keep-alive': 'timeout=10, max=50',
24 silly registry.get     connection: 'Keep-Alive' } ]
25 silly lockFile ded4e466-darwin darwin@
26 silly lockFile ded4e466-darwin darwin@
27 error 404 'darwin' is not in the npm registry.
27 error 404 You should bug the author to publish it
27 error 404 It was specified as a dependency of 'mean'
27 error 404
27 error 404 Note that you can also install from a
27 error 404 tarball, folder, or http url, or git url.
28 error System Darwin 13.3.0
29 error command "/usr/local/bin/node" "/usr/local/bin/npm" "install" "darwin"
30 error cwd /Users/Rice/WebstormProjects/AngularEs
31 error node -v v0.10.26
32 error npm -v 1.4.3
33 error code E404
34 verbose exit [ 1, true ]
